<?xml version="1.0" encoding="UTF-8"?>
<testsuite xmlns:xsi="http://www.w3.org/2001/XMLSchema-instance" xsi:noNamespaceSchemaLocation="https://maven.apache.org/surefire/maven-surefire-plugin/xsd/surefire-test-report.xsd" name="com.test.redis.RedisTest" time="12.101" tests="1" errors="0" skipped="0" failures="0">
  <properties>
    <property name="sun.desktop" value="windows"/>
    <property name="awt.toolkit" value="sun.awt.windows.WToolkit"/>
    <property name="file.encoding.pkg" value="sun.io"/>
    <property name="java.specification.version" value="1.8"/>
    <property name="sun.cpu.isalist" value="amd64"/>
    <property name="sun.jnu.encoding" value="GBK"/>
    <property name="java.class.path" value="D:\flashteam\test_redis_cluster\target\test-classes;D:\flashteam\test_redis_cluster\target\classes;D:\repositoryMicProducts\repository\org\springframework\boot\spring-boot-starter\2.1.2.RELEASE\spring-boot-starter-2.1.2.RELEASE.jar;D:\repositoryMicProducts\repository\org\springframework\boot\spring-boot\2.1.2.RELEASE\spring-boot-2.1.2.RELEASE.jar;D:\repositoryMicProducts\repository\org\springframework\spring-context\5.1.4.RELEASE\spring-context-5.1.4.RELEASE.jar;D:\repositoryMicProducts\repository\org\springframework\boot\spring-boot-autoconfigure\2.1.2.RELEASE\spring-boot-autoconfigure-2.1.2.RELEASE.jar;D:\repositoryMicProducts\repository\org\springframework\boot\spring-boot-starter-logging\2.1.2.RELEASE\spring-boot-starter-logging-2.1.2.RELEASE.jar;D:\repositoryMicProducts\repository\ch\qos\logback\logback-classic\1.2.3\logback-classic-1.2.3.jar;D:\repositoryMicProducts\repository\ch\qos\logback\logback-core\1.2.3\logback-core-1.2.3.jar;D:\repositoryMicProducts\repository\org\apache\logging\log4j\log4j-to-slf4j\2.11.1\log4j-to-slf4j-2.11.1.jar;D:\repositoryMicProducts\repository\org\apache\logging\log4j\log4j-api\2.11.1\log4j-api-2.11.1.jar;D:\repositoryMicProducts\repository\org\slf4j\jul-to-slf4j\1.7.25\jul-to-slf4j-1.7.25.jar;D:\repositoryMicProducts\repository\javax\annotation\javax.annotation-api\1.3.2\javax.annotation-api-1.3.2.jar;D:\repositoryMicProducts\repository\org\springframework\spring-core\5.1.4.RELEASE\spring-core-5.1.4.RELEASE.jar;D:\repositoryMicProducts\repository\org\springframework\spring-jcl\5.1.4.RELEASE\spring-jcl-5.1.4.RELEASE.jar;D:\repositoryMicProducts\repository\org\yaml\snakeyaml\1.23\snakeyaml-1.23.jar;D:\repositoryMicProducts\repository\org\springframework\boot\spring-boot-starter-test\2.1.2.RELEASE\spring-boot-starter-test-2.1.2.RELEASE.jar;D:\repositoryMicProducts\repository\org\springframework\boot\spring-boot-test\2.1.2.RELEASE\spring-boot-test-2.1.2.RELEASE.jar;D:\repositoryMicProducts\repository\org\springframework\boot\spring-boot-test-autoconfigure\2.1.2.RELEASE\spring-boot-test-autoconfigure-2.1.2.RELEASE.jar;D:\repositoryMicProducts\repository\com\jayway\jsonpath\json-path\2.4.0\json-path-2.4.0.jar;D:\repositoryMicProducts\repository\net\minidev\json-smart\2.3\json-smart-2.3.jar;D:\repositoryMicProducts\repository\net\minidev\accessors-smart\1.2\accessors-smart-1.2.jar;D:\repositoryMicProducts\repository\org\ow2\asm\asm\5.0.4\asm-5.0.4.jar;D:\repositoryMicProducts\repository\junit\junit\4.12\junit-4.12.jar;D:\repositoryMicProducts\repository\org\assertj\assertj-core\3.11.1\assertj-core-3.11.1.jar;D:\repositoryMicProducts\repository\org\mockito\mockito-core\2.23.4\mockito-core-2.23.4.jar;D:\repositoryMicProducts\repository\net\bytebuddy\byte-buddy\1.9.7\byte-buddy-1.9.7.jar;D:\repositoryMicProducts\repository\net\bytebuddy\byte-buddy-agent\1.9.7\byte-buddy-agent-1.9.7.jar;D:\repositoryMicProducts\repository\org\objenesis\objenesis\2.6\objenesis-2.6.jar;D:\repositoryMicProducts\repository\org\hamcrest\hamcrest-core\1.3\hamcrest-core-1.3.jar;D:\repositoryMicProducts\repository\org\hamcrest\hamcrest-library\1.3\hamcrest-library-1.3.jar;D:\repositoryMicProducts\repository\org\skyscreamer\jsonassert\1.5.0\jsonassert-1.5.0.jar;D:\repositoryMicProducts\repository\com\vaadin\external\google\android-json\0.0.20131108.vaadin1\android-json-0.0.20131108.vaadin1.jar;D:\repositoryMicProducts\repository\org\springframework\spring-test\5.1.4.RELEASE\spring-test-5.1.4.RELEASE.jar;D:\repositoryMicProducts\repository\org\xmlunit\xmlunit-core\2.6.2\xmlunit-core-2.6.2.jar;D:\repositoryMicProducts\repository\org\springframework\boot\spring-boot-starter-web\2.1.2.RELEASE\spring-boot-starter-web-2.1.2.RELEASE.jar;D:\repositoryMicProducts\repository\org\springframework\boot\spring-boot-starter-json\2.1.2.RELEASE\spring-boot-starter-json-2.1.2.RELEASE.jar;D:\repositoryMicProducts\repository\com\fasterxml\jackson\core\jackson-databind\2.9.8\jackson-databind-2.9.8.jar;D:\repositoryMicProducts\repository\com\fasterxml\jackson\core\jackson-core\2.9.8\jackson-core-2.9.8.jar;D:\repositoryMicProducts\repository\com\fasterxml\jackson\datatype\jackson-datatype-jdk8\2.9.8\jackson-datatype-jdk8-2.9.8.jar;D:\repositoryMicProducts\repository\com\fasterxml\jackson\datatype\jackson-datatype-jsr310\2.9.8\jackson-datatype-jsr310-2.9.8.jar;D:\repositoryMicProducts\repository\com\fasterxml\jackson\module\jackson-module-parameter-names\2.9.8\jackson-module-parameter-names-2.9.8.jar;D:\repositoryMicProducts\repository\org\springframework\boot\spring-boot-starter-tomcat\2.1.2.RELEASE\spring-boot-starter-tomcat-2.1.2.RELEASE.jar;D:\repositoryMicProducts\repository\org\apache\tomcat\embed\tomcat-embed-core\9.0.14\tomcat-embed-core-9.0.14.jar;D:\repositoryMicProducts\repository\org\apache\tomcat\embed\tomcat-embed-el\9.0.14\tomcat-embed-el-9.0.14.jar;D:\repositoryMicProducts\repository\org\apache\tomcat\embed\tomcat-embed-websocket\9.0.14\tomcat-embed-websocket-9.0.14.jar;D:\repositoryMicProducts\repository\org\hibernate\validator\hibernate-validator\6.0.14.Final\hibernate-validator-6.0.14.Final.jar;D:\repositoryMicProducts\repository\javax\validation\validation-api\2.0.1.Final\validation-api-2.0.1.Final.jar;D:\repositoryMicProducts\repository\org\jboss\logging\jboss-logging\3.3.2.Final\jboss-logging-3.3.2.Final.jar;D:\repositoryMicProducts\repository\org\springframework\spring-web\5.1.4.RELEASE\spring-web-5.1.4.RELEASE.jar;D:\repositoryMicProducts\repository\org\springframework\spring-beans\5.1.4.RELEASE\spring-beans-5.1.4.RELEASE.jar;D:\repositoryMicProducts\repository\org\springframework\spring-webmvc\5.1.4.RELEASE\spring-webmvc-5.1.4.RELEASE.jar;D:\repositoryMicProducts\repository\org\springframework\spring-aop\5.1.4.RELEASE\spring-aop-5.1.4.RELEASE.jar;D:\repositoryMicProducts\repository\org\springframework\spring-expression\5.1.4.RELEASE\spring-expression-5.1.4.RELEASE.jar;D:\repositoryMicProducts\repository\org\springframework\boot\spring-boot-starter-data-redis\2.1.2.RELEASE\spring-boot-starter-data-redis-2.1.2.RELEASE.jar;D:\repositoryMicProducts\repository\org\springframework\data\spring-data-redis\2.1.4.RELEASE\spring-data-redis-2.1.4.RELEASE.jar;D:\repositoryMicProducts\repository\org\springframework\data\spring-data-keyvalue\2.1.4.RELEASE\spring-data-keyvalue-2.1.4.RELEASE.jar;D:\repositoryMicProducts\repository\org\springframework\data\spring-data-commons\2.1.4.RELEASE\spring-data-commons-2.1.4.RELEASE.jar;D:\repositoryMicProducts\repository\org\springframework\spring-tx\5.1.4.RELEASE\spring-tx-5.1.4.RELEASE.jar;D:\repositoryMicProducts\repository\org\springframework\spring-oxm\5.1.4.RELEASE\spring-oxm-5.1.4.RELEASE.jar;D:\repositoryMicProducts\repository\org\springframework\spring-context-support\5.1.4.RELEASE\spring-context-support-5.1.4.RELEASE.jar;D:\repositoryMicProducts\repository\io\lettuce\lettuce-core\5.1.3.RELEASE\lettuce-core-5.1.3.RELEASE.jar;D:\repositoryMicProducts\repository\io\projectreactor\reactor-core\3.2.5.RELEASE\reactor-core-3.2.5.RELEASE.jar;D:\repositoryMicProducts\repository\org\reactivestreams\reactive-streams\1.0.2\reactive-streams-1.0.2.jar;D:\repositoryMicProducts\repository\io\netty\netty-common\4.1.31.Final\netty-common-4.1.31.Final.jar;D:\repositoryMicProducts\repository\io\netty\netty-transport\4.1.31.Final\netty-transport-4.1.31.Final.jar;D:\repositoryMicProducts\repository\io\netty\netty-buffer\4.1.31.Final\netty-buffer-4.1.31.Final.jar;D:\repositoryMicProducts\repository\io\netty\netty-resolver\4.1.31.Final\netty-resolver-4.1.31.Final.jar;D:\repositoryMicProducts\repository\io\netty\netty-handler\4.1.31.Final\netty-handler-4.1.31.Final.jar;D:\repositoryMicProducts\repository\io\netty\netty-codec\4.1.31.Final\netty-codec-4.1.31.Final.jar;D:\repositoryMicProducts\repository\org\apache\commons\commons-pool2\2.6.0\commons-pool2-2.6.0.jar;D:\repositoryMicProducts\repository\org\projectlombok\lombok\1.18.4\lombok-1.18.4.jar;D:\repositoryMicProducts\repository\io\springfox\springfox-swagger2\2.9.2\springfox-swagger2-2.9.2.jar;D:\repositoryMicProducts\repository\io\swagger\swagger-annotations\1.5.20\swagger-annotations-1.5.20.jar;D:\repositoryMicProducts\repository\io\swagger\swagger-models\1.5.20\swagger-models-1.5.20.jar;D:\repositoryMicProducts\repository\com\fasterxml\jackson\core\jackson-annotations\2.9.0\jackson-annotations-2.9.0.jar;D:\repositoryMicProducts\repository\io\springfox\springfox-spi\2.9.2\springfox-spi-2.9.2.jar;D:\repositoryMicProducts\repository\io\springfox\springfox-core\2.9.2\springfox-core-2.9.2.jar;D:\repositoryMicProducts\repository\io\springfox\springfox-schema\2.9.2\springfox-schema-2.9.2.jar;D:\repositoryMicProducts\repository\io\springfox\springfox-swagger-common\2.9.2\springfox-swagger-common-2.9.2.jar;D:\repositoryMicProducts\repository\io\springfox\springfox-spring-web\2.9.2\springfox-spring-web-2.9.2.jar;D:\repositoryMicProducts\repository\com\google\guava\guava\20.0\guava-20.0.jar;D:\repositoryMicProducts\repository\com\fasterxml\classmate\1.4.0\classmate-1.4.0.jar;D:\repositoryMicProducts\repository\org\slf4j\slf4j-api\1.7.25\slf4j-api-1.7.25.jar;D:\repositoryMicProducts\repository\org\springframework\plugin\spring-plugin-core\1.2.0.RELEASE\spring-plugin-core-1.2.0.RELEASE.jar;D:\repositoryMicProducts\repository\org\springframework\plugin\spring-plugin-metadata\1.2.0.RELEASE\spring-plugin-metadata-1.2.0.RELEASE.jar;D:\repositoryMicProducts\repository\org\mapstruct\mapstruct\1.2.0.Final\mapstruct-1.2.0.Final.jar;D:\repositoryMicProducts\repository\io\springfox\springfox-swagger-ui\2.9.2\springfox-swagger-ui-2.9.2.jar;"/>
    <property name="java.vm.vendor" value="Oracle Corporation"/>
    <property name="sun.arch.data.model" value="64"/>
    <property name="user.variant" value=""/>
    <property name="java.vendor.url" value="http://java.oracle.com/"/>
    <property name="user.timezone" value="Asia/Shanghai"/>
    <property name="java.vm.specification.version" value="1.8"/>
    <property name="os.name" value="Windows 10"/>
    <property name="user.country" value="CN"/>
    <property name="sun.java.launcher" value="SUN_STANDARD"/>
    <property name="sun.boot.library.path" value="D:\Program Files\Java\jdk1.8.0_201\jre\bin"/>
    <property name="sun.java.command" value="C:\Users\WANGLE~1\AppData\Local\Temp\surefire6143171868502706056\surefirebooter4258127056168537579.jar C:\Users\wanglei60\AppData\Local\Temp\surefire6143171868502706056 2021-10-30T18-09-22_794-jvmRun1 surefire865301381189699012tmp surefire_08076549696354475420tmp"/>
    <property name="surefire.test.class.path" value="D:\flashteam\test_redis_cluster\target\test-classes;D:\flashteam\test_redis_cluster\target\classes;D:\repositoryMicProducts\repository\org\springframework\boot\spring-boot-starter\2.1.2.RELEASE\spring-boot-starter-2.1.2.RELEASE.jar;D:\repositoryMicProducts\repository\org\springframework\boot\spring-boot\2.1.2.RELEASE\spring-boot-2.1.2.RELEASE.jar;D:\repositoryMicProducts\repository\org\springframework\spring-context\5.1.4.RELEASE\spring-context-5.1.4.RELEASE.jar;D:\repositoryMicProducts\repository\org\springframework\boot\spring-boot-autoconfigure\2.1.2.RELEASE\spring-boot-autoconfigure-2.1.2.RELEASE.jar;D:\repositoryMicProducts\repository\org\springframework\boot\spring-boot-starter-logging\2.1.2.RELEASE\spring-boot-starter-logging-2.1.2.RELEASE.jar;D:\repositoryMicProducts\repository\ch\qos\logback\logback-classic\1.2.3\logback-classic-1.2.3.jar;D:\repositoryMicProducts\repository\ch\qos\logback\logback-core\1.2.3\logback-core-1.2.3.jar;D:\repositoryMicProducts\repository\org\apache\logging\log4j\log4j-to-slf4j\2.11.1\log4j-to-slf4j-2.11.1.jar;D:\repositoryMicProducts\repository\org\apache\logging\log4j\log4j-api\2.11.1\log4j-api-2.11.1.jar;D:\repositoryMicProducts\repository\org\slf4j\jul-to-slf4j\1.7.25\jul-to-slf4j-1.7.25.jar;D:\repositoryMicProducts\repository\javax\annotation\javax.annotation-api\1.3.2\javax.annotation-api-1.3.2.jar;D:\repositoryMicProducts\repository\org\springframework\spring-core\5.1.4.RELEASE\spring-core-5.1.4.RELEASE.jar;D:\repositoryMicProducts\repository\org\springframework\spring-jcl\5.1.4.RELEASE\spring-jcl-5.1.4.RELEASE.jar;D:\repositoryMicProducts\repository\org\yaml\snakeyaml\1.23\snakeyaml-1.23.jar;D:\repositoryMicProducts\repository\org\springframework\boot\spring-boot-starter-test\2.1.2.RELEASE\spring-boot-starter-test-2.1.2.RELEASE.jar;D:\repositoryMicProducts\repository\org\springframework\boot\spring-boot-test\2.1.2.RELEASE\spring-boot-test-2.1.2.RELEASE.jar;D:\repositoryMicProducts\repository\org\springframework\boot\spring-boot-test-autoconfigure\2.1.2.RELEASE\spring-boot-test-autoconfigure-2.1.2.RELEASE.jar;D:\repositoryMicProducts\repository\com\jayway\jsonpath\json-path\2.4.0\json-path-2.4.0.jar;D:\repositoryMicProducts\repository\net\minidev\json-smart\2.3\json-smart-2.3.jar;D:\repositoryMicProducts\repository\net\minidev\accessors-smart\1.2\accessors-smart-1.2.jar;D:\repositoryMicProducts\repository\org\ow2\asm\asm\5.0.4\asm-5.0.4.jar;D:\repositoryMicProducts\repository\junit\junit\4.12\junit-4.12.jar;D:\repositoryMicProducts\repository\org\assertj\assertj-core\3.11.1\assertj-core-3.11.1.jar;D:\repositoryMicProducts\repository\org\mockito\mockito-core\2.23.4\mockito-core-2.23.4.jar;D:\repositoryMicProducts\repository\net\bytebuddy\byte-buddy\1.9.7\byte-buddy-1.9.7.jar;D:\repositoryMicProducts\repository\net\bytebuddy\byte-buddy-agent\1.9.7\byte-buddy-agent-1.9.7.jar;D:\repositoryMicProducts\repository\org\objenesis\objenesis\2.6\objenesis-2.6.jar;D:\repositoryMicProducts\repository\org\hamcrest\hamcrest-core\1.3\hamcrest-core-1.3.jar;D:\repositoryMicProducts\repository\org\hamcrest\hamcrest-library\1.3\hamcrest-library-1.3.jar;D:\repositoryMicProducts\repository\org\skyscreamer\jsonassert\1.5.0\jsonassert-1.5.0.jar;D:\repositoryMicProducts\repository\com\vaadin\external\google\android-json\0.0.20131108.vaadin1\android-json-0.0.20131108.vaadin1.jar;D:\repositoryMicProducts\repository\org\springframework\spring-test\5.1.4.RELEASE\spring-test-5.1.4.RELEASE.jar;D:\repositoryMicProducts\repository\org\xmlunit\xmlunit-core\2.6.2\xmlunit-core-2.6.2.jar;D:\repositoryMicProducts\repository\org\springframework\boot\spring-boot-starter-web\2.1.2.RELEASE\spring-boot-starter-web-2.1.2.RELEASE.jar;D:\repositoryMicProducts\repository\org\springframework\boot\spring-boot-starter-json\2.1.2.RELEASE\spring-boot-starter-json-2.1.2.RELEASE.jar;D:\repositoryMicProducts\repository\com\fasterxml\jackson\core\jackson-databind\2.9.8\jackson-databind-2.9.8.jar;D:\repositoryMicProducts\repository\com\fasterxml\jackson\core\jackson-core\2.9.8\jackson-core-2.9.8.jar;D:\repositoryMicProducts\repository\com\fasterxml\jackson\datatype\jackson-datatype-jdk8\2.9.8\jackson-datatype-jdk8-2.9.8.jar;D:\repositoryMicProducts\repository\com\fasterxml\jackson\datatype\jackson-datatype-jsr310\2.9.8\jackson-datatype-jsr310-2.9.8.jar;D:\repositoryMicProducts\repository\com\fasterxml\jackson\module\jackson-module-parameter-names\2.9.8\jackson-module-parameter-names-2.9.8.jar;D:\repositoryMicProducts\repository\org\springframework\boot\spring-boot-starter-tomcat\2.1.2.RELEASE\spring-boot-starter-tomcat-2.1.2.RELEASE.jar;D:\repositoryMicProducts\repository\org\apache\tomcat\embed\tomcat-embed-core\9.0.14\tomcat-embed-core-9.0.14.jar;D:\repositoryMicProducts\repository\org\apache\tomcat\embed\tomcat-embed-el\9.0.14\tomcat-embed-el-9.0.14.jar;D:\repositoryMicProducts\repository\org\apache\tomcat\embed\tomcat-embed-websocket\9.0.14\tomcat-embed-websocket-9.0.14.jar;D:\repositoryMicProducts\repository\org\hibernate\validator\hibernate-validator\6.0.14.Final\hibernate-validator-6.0.14.Final.jar;D:\repositoryMicProducts\repository\javax\validation\validation-api\2.0.1.Final\validation-api-2.0.1.Final.jar;D:\repositoryMicProducts\repository\org\jboss\logging\jboss-logging\3.3.2.Final\jboss-logging-3.3.2.Final.jar;D:\repositoryMicProducts\repository\org\springframework\spring-web\5.1.4.RELEASE\spring-web-5.1.4.RELEASE.jar;D:\repositoryMicProducts\repository\org\springframework\spring-beans\5.1.4.RELEASE\spring-beans-5.1.4.RELEASE.jar;D:\repositoryMicProducts\repository\org\springframework\spring-webmvc\5.1.4.RELEASE\spring-webmvc-5.1.4.RELEASE.jar;D:\repositoryMicProducts\repository\org\springframework\spring-aop\5.1.4.RELEASE\spring-aop-5.1.4.RELEASE.jar;D:\repositoryMicProducts\repository\org\springframework\spring-expression\5.1.4.RELEASE\spring-expression-5.1.4.RELEASE.jar;D:\repositoryMicProducts\repository\org\springframework\boot\spring-boot-starter-data-redis\2.1.2.RELEASE\spring-boot-starter-data-redis-2.1.2.RELEASE.jar;D:\repositoryMicProducts\repository\org\springframework\data\spring-data-redis\2.1.4.RELEASE\spring-data-redis-2.1.4.RELEASE.jar;D:\repositoryMicProducts\repository\org\springframework\data\spring-data-keyvalue\2.1.4.RELEASE\spring-data-keyvalue-2.1.4.RELEASE.jar;D:\repositoryMicProducts\repository\org\springframework\data\spring-data-commons\2.1.4.RELEASE\spring-data-commons-2.1.4.RELEASE.jar;D:\repositoryMicProducts\repository\org\springframework\spring-tx\5.1.4.RELEASE\spring-tx-5.1.4.RELEASE.jar;D:\repositoryMicProducts\repository\org\springframework\spring-oxm\5.1.4.RELEASE\spring-oxm-5.1.4.RELEASE.jar;D:\repositoryMicProducts\repository\org\springframework\spring-context-support\5.1.4.RELEASE\spring-context-support-5.1.4.RELEASE.jar;D:\repositoryMicProducts\repository\io\lettuce\lettuce-core\5.1.3.RELEASE\lettuce-core-5.1.3.RELEASE.jar;D:\repositoryMicProducts\repository\io\projectreactor\reactor-core\3.2.5.RELEASE\reactor-core-3.2.5.RELEASE.jar;D:\repositoryMicProducts\repository\org\reactivestreams\reactive-streams\1.0.2\reactive-streams-1.0.2.jar;D:\repositoryMicProducts\repository\io\netty\netty-common\4.1.31.Final\netty-common-4.1.31.Final.jar;D:\repositoryMicProducts\repository\io\netty\netty-transport\4.1.31.Final\netty-transport-4.1.31.Final.jar;D:\repositoryMicProducts\repository\io\netty\netty-buffer\4.1.31.Final\netty-buffer-4.1.31.Final.jar;D:\repositoryMicProducts\repository\io\netty\netty-resolver\4.1.31.Final\netty-resolver-4.1.31.Final.jar;D:\repositoryMicProducts\repository\io\netty\netty-handler\4.1.31.Final\netty-handler-4.1.31.Final.jar;D:\repositoryMicProducts\repository\io\netty\netty-codec\4.1.31.Final\netty-codec-4.1.31.Final.jar;D:\repositoryMicProducts\repository\org\apache\commons\commons-pool2\2.6.0\commons-pool2-2.6.0.jar;D:\repositoryMicProducts\repository\org\projectlombok\lombok\1.18.4\lombok-1.18.4.jar;D:\repositoryMicProducts\repository\io\springfox\springfox-swagger2\2.9.2\springfox-swagger2-2.9.2.jar;D:\repositoryMicProducts\repository\io\swagger\swagger-annotations\1.5.20\swagger-annotations-1.5.20.jar;D:\repositoryMicProducts\repository\io\swagger\swagger-models\1.5.20\swagger-models-1.5.20.jar;D:\repositoryMicProducts\repository\com\fasterxml\jackson\core\jackson-annotations\2.9.0\jackson-annotations-2.9.0.jar;D:\repositoryMicProducts\repository\io\springfox\springfox-spi\2.9.2\springfox-spi-2.9.2.jar;D:\repositoryMicProducts\repository\io\springfox\springfox-core\2.9.2\springfox-core-2.9.2.jar;D:\repositoryMicProducts\repository\io\springfox\springfox-schema\2.9.2\springfox-schema-2.9.2.jar;D:\repositoryMicProducts\repository\io\springfox\springfox-swagger-common\2.9.2\springfox-swagger-common-2.9.2.jar;D:\repositoryMicProducts\repository\io\springfox\springfox-spring-web\2.9.2\springfox-spring-web-2.9.2.jar;D:\repositoryMicProducts\repository\com\google\guava\guava\20.0\guava-20.0.jar;D:\repositoryMicProducts\repository\com\fasterxml\classmate\1.4.0\classmate-1.4.0.jar;D:\repositoryMicProducts\repository\org\slf4j\slf4j-api\1.7.25\slf4j-api-1.7.25.jar;D:\repositoryMicProducts\repository\org\springframework\plugin\spring-plugin-core\1.2.0.RELEASE\spring-plugin-core-1.2.0.RELEASE.jar;D:\repositoryMicProducts\repository\org\springframework\plugin\spring-plugin-metadata\1.2.0.RELEASE\spring-plugin-metadata-1.2.0.RELEASE.jar;D:\repositoryMicProducts\repository\org\mapstruct\mapstruct\1.2.0.Final\mapstruct-1.2.0.Final.jar;D:\repositoryMicProducts\repository\io\springfox\springfox-swagger-ui\2.9.2\springfox-swagger-ui-2.9.2.jar;"/>
    <property name="sun.cpu.endian" value="little"/>
    <property name="user.home" value="C:\Users\wanglei60"/>
    <property name="user.language" value="zh"/>
    <property name="java.specification.vendor" value="Oracle Corporation"/>
    <property name="java.home" value="D:\Program Files\Java\jdk1.8.0_201\jre"/>
    <property name="basedir" value="D:\flashteam\test_redis_cluster"/>
    <property name="file.separator" value="\"/>
    <property name="line.separator" value="&#10;"/>
    <property name="java.vm.specification.vendor" value="Oracle Corporation"/>
    <property name="java.specification.name" value="Java Platform API Specification"/>
    <property name="java.awt.graphicsenv" value="sun.awt.Win32GraphicsEnvironment"/>
    <property name="surefire.real.class.path" value="C:\Users\WANGLE~1\AppData\Local\Temp\surefire6143171868502706056\surefirebooter4258127056168537579.jar"/>
    <property name="sun.boot.class.path" value="D:\Program Files\Java\jdk1.8.0_201\jre\lib\resources.jar;D:\Program Files\Java\jdk1.8.0_201\jre\lib\rt.jar;D:\Program Files\Java\jdk1.8.0_201\jre\lib\sunrsasign.jar;D:\Program Files\Java\jdk1.8.0_201\jre\lib\jsse.jar;D:\Program Files\Java\jdk1.8.0_201\jre\lib\jce.jar;D:\Program Files\Java\jdk1.8.0_201\jre\lib\charsets.jar;D:\Program Files\Java\jdk1.8.0_201\jre\lib\jfr.jar;D:\Program Files\Java\jdk1.8.0_201\jre\classes"/>
    <property name="user.script" value=""/>
    <property name="sun.management.compiler" value="HotSpot 64-Bit Tiered Compilers"/>
    <property name="java.runtime.version" value="1.8.0_201-b09"/>
    <property name="user.name" value="wanglei60"/>
    <property name="path.separator" value=";"/>
    <property name="os.version" value="10.0"/>
    <property name="java.endorsed.dirs" value="D:\Program Files\Java\jdk1.8.0_201\jre\lib\endorsed"/>
    <property name="java.runtime.name" value="Java(TM) SE Runtime Environment"/>
    <property name="file.encoding" value="GBK"/>
    <property name="java.vm.name" value="Java HotSpot(TM) 64-Bit Server VM"/>
    <property name="localRepository" value="D:\repositoryMicProducts\repository"/>
    <property name="java.vendor.url.bug" value="http://bugreport.sun.com/bugreport/"/>
    <property name="java.io.tmpdir" value="C:\Users\WANGLE~1\AppData\Local\Temp\"/>
    <property name="idea.version" value="2020.2.1"/>
    <property name="java.version" value="1.8.0_201"/>
    <property name="user.dir" value="D:\flashteam\test_redis_cluster"/>
    <property name="os.arch" value="amd64"/>
    <property name="java.vm.specification.name" value="Java Virtual Machine Specification"/>
    <property name="java.awt.printerjob" value="sun.awt.windows.WPrinterJob"/>
    <property name="sun.os.patch.level" value=""/>
    <property name="java.library.path" value="D:\Program Files\Java\jdk1.8.0_201\jre\bin;C:\WINDOWS\Sun\Java\bin;C:\WINDOWS\system32;C:\WINDOWS;D:\Program Files (x86)\VMware\VMware Player\bin\;C:\Program Files (x86)\Common Files\Oracle\Java\javapath;C:\Perl\site\bin;C:\Perl\bin;C:\windows\system32;C:\windows;C:\windows\System32\Wbem;C:\Users\wanglei60\AppData\Local\Microsoft\WindowsApps;C:\windows\System32\WindowsPowerShell\v1.0\;D:\git\Git\cmd;D:\apache-maven-3.6.1\bin;C:\Program Files (x86)\NVIDIA Corporation\PhysX\Common;C:\Program Files\NVIDIA Corporation\NVIDIA NvDLISR;%ANT_HOME%bin;&quot;;%CATALINA_HOME%\lib;%CATALINA_HOME%\bin;;C:\WINDOWS\system32;C:\WINDOWS;C:\WINDOWS\System32\Wbem;C:\WINDOWS\System32\WindowsPowerShell\v1.0\;C:\WINDOWS\System32\OpenSSH\&quot;;C:\Users\wanglei60\Desktop\apache-jmeter-5.1.1\bin;C:\Program Files\Intel\WiFi\bin\;%MYSQL_HOME$\bin;D:\sonar-scanner4\bin;C:\WINDOWS\System32\OpenSSH\;D:\Program Files\Redis\;D:\Program Files\Java\jdk1.7.0_80\bin;D:\java11\bin;D:\Program Files\Java\jdk1.8.0_201\bin;D:\ssh;D:\liecomm-hybris\hybris\bin\platform\apache-ant-1.9.1lib;C:\Users\wanglei60\AppData\Local\Microsoft\WindowsApps;;D:\Program Files (x86)\SSH Secure Shell;."/>
    <property name="java.vm.info" value="mixed mode"/>
    <property name="java.vendor" value="Oracle Corporation"/>
    <property name="java.vm.version" value="25.201-b09"/>
    <property name="java.ext.dirs" value="D:\Program Files\Java\jdk1.8.0_201\jre\lib\ext;C:\WINDOWS\Sun\Java\lib\ext"/>
    <property name="sun.io.unicode.encoding" value="UnicodeLittle"/>
    <property name="java.class.version" value="52.0"/>
  </properties>
  <testcase name="test" classname="com.test.redis.RedisTest" time="5.362"/>
</testsuite>